<?xml version="1.0" encoding="UTF-8"?>
<!-- Generated by org.testng.reporters.JUnitXMLReporter -->
<testsuite ignored="0" hostname="qeWindowsVM-Bac" failures="1" tests="1" name="Test" time="6.054" errors="0" timestamp="10 Aug 2020 04:45:59 GMT">
  <testcase classname="com.abb.dias.api.automation.test.kshtest.KshApiServicesExecutionTest" name="runtest" time="5.177">
    <failure type="java.lang.NullPointerException">
      <![CDATA[java.lang.NullPointerException
at com.abb.dias.api.automation.core.diffhmtlhighlighter.FileComparisonHighlighter.compareFiles(FileComparisonHighlighter.java:68)
at com.abb.dias.api.automation.page.kshpages.KshApiServicesExecutionPage.executeKshApisServices(KshApiServicesExecutionPage.java:355)
at com.abb.dias.api.automation.test.kshtest.KshApiServicesExecutionTest.runtest(KshApiServicesExecutionTest.java:31)
... Removed 25 stack frames]]>
    </failure>
  </testcase> <!-- runtest -->
</testsuite> <!-- Test -->
