<?xml version="1.0" encoding="UTF-8"?>
<!-- Generated by org.testng.reporters.JUnitXMLReporter -->
<testsuite hostname="IN-L-BTGIS15319" name="Test2" tests="1" failures="1" timestamp="4 Jun 2020 02:36:42 GMT" time="9.424" errors="0">
  <testcase name="runtest" time="9.36" classname="com.abb.dias.api.automation.test.kshtest.KshDemoTest">
    <failure type="java.lang.NullPointerException">
      <![CDATA[java.lang.NullPointerException
	at com.abb.dias.api.automation.core.restapiutility.RestApiUtility.executeHttpRequest(RestApiUtility.java:80)
	at com.abb.dias.api.automation.page.kshpages.KshDemo.executeKshApisServiceS(KshDemo.java:467)
	at com.abb.dias.api.automation.test.kshtest.KshDemoTest.runtest(KshDemoTest.java:22)
... Removed 24 stack frames]]>
    </failure>
  </testcase> <!-- runtest -->
</testsuite> <!-- Test2 -->
