<?xml version="1.0" encoding="UTF-8"?>
<!-- Generated by org.testng.reporters.JUnitXMLReporter -->
<testsuite hostname="qeWindowsVM-Bac" failures="1" tests="1" name="Test" time="6.115" errors="0" timestamp="17 Jul 2020 05:33:43 GMT">
  <testcase classname="com.abb.dias.api.automation.test.kshtest.KshApiServicesTest" name="runtest" time="5.347">
    <failure type="java.lang.NullPointerException">
      <![CDATA[java.lang.NullPointerException
	at com.abb.dias.api.automation.page.kshpages.KshApiServicesPage.executeKshApisServices(KshApiServicesPage.java:270)
	at com.abb.dias.api.automation.test.kshtest.KshApiServicesTest.runtest(KshApiServicesTest.java:31)
... Removed 24 stack frames]]>
    </failure>
  </testcase> <!-- runtest -->
</testsuite> <!-- Test -->
