<?xml version="1.0" encoding="UTF-8"?>
<testng-results ignored="0" total="1" passed="1" failed="0" skipped="0">
  <reporter-output>
    <line>
      <![CDATA[kSH Api services Execution has started]]>
    </line>
    <line>
      <![CDATA[The S.No of test case about to execute :1 &  Testcase id is: 5298 &  Number of repetation 1]]>
    </line>
    <line>
      <![CDATA[Parameterized Json Request Body is :: ]]>
    </line>
    <line>
      <![CDATA[The API URL is: http://dias-qe-r2.westeurope.cloudapp.azure.com/ksh-api/dias-API/IcmDataAPI/ICMPFM.D_ACG_PRD?limit=11&sortOrder=ASC]]>
    </line>
    <line>
      <![CDATA[The Token Response time is:992 Milli seconds]]>
    </line>
    <line>
      <![CDATA[The Response status code for Token generation API is:200]]>
    </line>
    <line>
      <![CDATA[The respone time is : 190 Milli seconds]]>
    </line>
    <line>
      <![CDATA[The response status code for post request is :200]]>
    </line>
    <line>
      <![CDATA[The S.No of test case executed is :1 &  Testcase id is: 5298 &  Number of repetation 1]]>
    </line>
    <line>
      <![CDATA[D_Accounting Period Respone code is  :200 VS Expected Response code is :200]]>
    </line>
    <line>
      <![CDATA[Collected API Response into text files ]]>
    </line>
    <line>
      <![CDATA[The S.No of test case about to execute :2 &  Testcase id is: 5299 &  Number of repetation 1]]>
    </line>
    <line>
      <![CDATA[Parameterized Json Request Body is :: {{SCE_SYS_COD}}]]>
    </line>
    <line>
      <![CDATA[The API URL is: http://dias-qe-r2.westeurope.cloudapp.azure.com/ksh-api/dias-API/IcmDataAPI/ICMPCM.D_AGI?limit=11&sortOrder=ASC]]>
    </line>
    <line>
      <![CDATA[The Token Response time is:225 Milli seconds]]>
    </line>
    <line>
      <![CDATA[The Response status code for Token generation API is:200]]>
    </line>
    <line>
      <![CDATA[The respone time is : 33 Milli seconds]]>
    </line>
    <line>
      <![CDATA[The response status code for post request is :200]]>
    </line>
    <line>
      <![CDATA[The S.No of test case executed is :2 &  Testcase id is: 5299 &  Number of repetation 1]]>
    </line>
    <line>
      <![CDATA[D_Aging Respone code is  :200 VS Expected Response code is :200]]>
    </line>
    <line>
      <![CDATA[Collected API Response into text files ]]>
    </line>
    <line>
      <![CDATA[The S.No of test case about to execute :4 &  Testcase id is: 5301 &  Number of repetation 1]]>
    </line>
    <line>
      <![CDATA[Parameterized Json Request Body is :: ]]>
    </line>
    <line>
      <![CDATA[The API URL is: http://dias-qe-r2.westeurope.cloudapp.azure.com/ksh-api/dias-API/IcmDataAPI/ICMPCM.D_ATY_TYP?limit=1&sortOrder=ASC]]>
    </line>
    <line>
      <![CDATA[The Token Response time is:149 Milli seconds]]>
    </line>
    <line>
      <![CDATA[The Response status code for Token generation API is:200]]>
    </line>
    <line>
      <![CDATA[The respone time is : 26 Milli seconds]]>
    </line>
    <line>
      <![CDATA[The response status code for post request is :200]]>
    </line>
    <line>
      <![CDATA[The S.No of test case executed is :4 &  Testcase id is: 5301 &  Number of repetation 1]]>
    </line>
    <line>
      <![CDATA[D_Activity Type Respone code is  :200 VS Expected Response code is :200]]>
    </line>
    <line>
      <![CDATA[Collected API Response into text files ]]>
    </line>
    <line>
      <![CDATA[The S.No of test case about to execute :5 &  Testcase id is: 5302 &  Number of repetation 1]]>
    </line>
    <line>
      <![CDATA[Parameterized Json Request Body is :: ]]>
    </line>
    <line>
      <![CDATA[The API URL is: http://dias-qe-r2.westeurope.cloudapp.azure.com/ksh-api/dias-API/IcmDataAPI/ICMPCM.D_BOM_MST?limit=1&sortOrder=ASC]]>
    </line>
    <line>
      <![CDATA[The Token Response time is:148 Milli seconds]]>
    </line>
    <line>
      <![CDATA[The Response status code for Token generation API is:200]]>
    </line>
    <line>
      <![CDATA[The respone time is : 28 Milli seconds]]>
    </line>
    <line>
      <![CDATA[The response status code for post request is :200]]>
    </line>
    <line>
      <![CDATA[The S.No of test case executed is :5 &  Testcase id is: 5302 &  Number of repetation 1]]>
    </line>
    <line>
      <![CDATA[Collected API Response into text files ]]>
    </line>
    <line>
      <![CDATA[D_BOM Master Respone code is  :200 VS Expected Response code is :200 &  Content of the API Response and DB Response both files are mismatched : D_BOM Master_s.no5_repeation_No1 VS D_BOM Master_s.no5_repeation_No1]]>
    </line>
    <line>
      <![CDATA[The api response key value pairs count is not machting with the db result key value pairs]]>
    </line>
  </reporter-output>
  <suite started-at="2020-08-05T05:23:49Z" name="Suite" finished-at="2020-08-05T05:23:58Z" duration-ms="9133">
    <groups>
    </groups>
    <test started-at="2020-08-05T05:23:49Z" name="Test" finished-at="2020-08-05T05:23:58Z" duration-ms="9133">
      <class name="com.abb.dias.api.automation.test.kshtest.KshApiServicesExecutionTest">
        <test-method is-config="true" signature="beforetest()[pri:0, instance:com.abb.dias.api.automation.test.kshtest.KshApiServicesExecutionTest@5aa9e4eb]" started-at="2020-08-05T05:23:49Z" name="beforetest" finished-at="2020-08-05T05:23:49Z" duration-ms="259" status="PASS">
          <reporter-output>
          </reporter-output>
        </test-method> <!-- beforetest -->
        <test-method signature="runtest()[pri:0, instance:com.abb.dias.api.automation.test.kshtest.KshApiServicesExecutionTest@5aa9e4eb]" started-at="2020-08-05T05:23:49Z" name="runtest" finished-at="2020-08-05T05:23:58Z" duration-ms="8371" status="PASS">
          <reporter-output>
            <line>
              <![CDATA[kSH Api services Execution has started]]>
            </line>
            <line>
              <![CDATA[The S.No of test case about to execute :1 &  Testcase id is: 5298 &  Number of repetation 1]]>
            </line>
            <line>
              <![CDATA[Parameterized Json Request Body is :: ]]>
            </line>
            <line>
              <![CDATA[The API URL is: http://dias-qe-r2.westeurope.cloudapp.azure.com/ksh-api/dias-API/IcmDataAPI/ICMPFM.D_ACG_PRD?limit=11&sortOrder=ASC]]>
            </line>
            <line>
              <![CDATA[The Token Response time is:992 Milli seconds]]>
            </line>
            <line>
              <![CDATA[The Response status code for Token generation API is:200]]>
            </line>
            <line>
              <![CDATA[The respone time is : 190 Milli seconds]]>
            </line>
            <line>
              <![CDATA[The response status code for post request is :200]]>
            </line>
            <line>
              <![CDATA[The S.No of test case executed is :1 &  Testcase id is: 5298 &  Number of repetation 1]]>
            </line>
            <line>
              <![CDATA[D_Accounting Period Respone code is  :200 VS Expected Response code is :200]]>
            </line>
            <line>
              <![CDATA[Collected API Response into text files ]]>
            </line>
            <line>
              <![CDATA[The S.No of test case about to execute :2 &  Testcase id is: 5299 &  Number of repetation 1]]>
            </line>
            <line>
              <![CDATA[Parameterized Json Request Body is :: {{SCE_SYS_COD}}]]>
            </line>
            <line>
              <![CDATA[The API URL is: http://dias-qe-r2.westeurope.cloudapp.azure.com/ksh-api/dias-API/IcmDataAPI/ICMPCM.D_AGI?limit=11&sortOrder=ASC]]>
            </line>
            <line>
              <![CDATA[The Token Response time is:225 Milli seconds]]>
            </line>
            <line>
              <![CDATA[The Response status code for Token generation API is:200]]>
            </line>
            <line>
              <![CDATA[The respone time is : 33 Milli seconds]]>
            </line>
            <line>
              <![CDATA[The response status code for post request is :200]]>
            </line>
            <line>
              <![CDATA[The S.No of test case executed is :2 &  Testcase id is: 5299 &  Number of repetation 1]]>
            </line>
            <line>
              <![CDATA[D_Aging Respone code is  :200 VS Expected Response code is :200]]>
            </line>
            <line>
              <![CDATA[Collected API Response into text files ]]>
            </line>
            <line>
              <![CDATA[The S.No of test case about to execute :4 &  Testcase id is: 5301 &  Number of repetation 1]]>
            </line>
            <line>
              <![CDATA[Parameterized Json Request Body is :: ]]>
            </line>
            <line>
              <![CDATA[The API URL is: http://dias-qe-r2.westeurope.cloudapp.azure.com/ksh-api/dias-API/IcmDataAPI/ICMPCM.D_ATY_TYP?limit=1&sortOrder=ASC]]>
            </line>
            <line>
              <![CDATA[The Token Response time is:149 Milli seconds]]>
            </line>
            <line>
              <![CDATA[The Response status code for Token generation API is:200]]>
            </line>
            <line>
              <![CDATA[The respone time is : 26 Milli seconds]]>
            </line>
            <line>
              <![CDATA[The response status code for post request is :200]]>
            </line>
            <line>
              <![CDATA[The S.No of test case executed is :4 &  Testcase id is: 5301 &  Number of repetation 1]]>
            </line>
            <line>
              <![CDATA[D_Activity Type Respone code is  :200 VS Expected Response code is :200]]>
            </line>
            <line>
              <![CDATA[Collected API Response into text files ]]>
            </line>
            <line>
              <![CDATA[The S.No of test case about to execute :5 &  Testcase id is: 5302 &  Number of repetation 1]]>
            </line>
            <line>
              <![CDATA[Parameterized Json Request Body is :: ]]>
            </line>
            <line>
              <![CDATA[The API URL is: http://dias-qe-r2.westeurope.cloudapp.azure.com/ksh-api/dias-API/IcmDataAPI/ICMPCM.D_BOM_MST?limit=1&sortOrder=ASC]]>
            </line>
            <line>
              <![CDATA[The Token Response time is:148 Milli seconds]]>
            </line>
            <line>
              <![CDATA[The Response status code for Token generation API is:200]]>
            </line>
            <line>
              <![CDATA[The respone time is : 28 Milli seconds]]>
            </line>
            <line>
              <![CDATA[The response status code for post request is :200]]>
            </line>
            <line>
              <![CDATA[The S.No of test case executed is :5 &  Testcase id is: 5302 &  Number of repetation 1]]>
            </line>
            <line>
              <![CDATA[Collected API Response into text files ]]>
            </line>
            <line>
              <![CDATA[D_BOM Master Respone code is  :200 VS Expected Response code is :200 &  Content of the API Response and DB Response both files are mismatched : D_BOM Master_s.no5_repeation_No1 VS D_BOM Master_s.no5_repeation_No1]]>
            </line>
            <line>
              <![CDATA[The api response key value pairs count is not machting with the db result key value pairs]]>
            </line>
          </reporter-output>
        </test-method> <!-- runtest -->
        <test-method is-config="true" signature="afterMethod(org.testng.ITestResult, java.lang.reflect.Method)[pri:0, instance:com.abb.dias.api.automation.test.kshtest.KshApiServicesExecutionTest@5aa9e4eb]" started-at="2020-08-05T05:23:58Z" name="afterMethod" finished-at="2020-08-05T05:23:58Z" duration-ms="2" status="PASS">
          <params>
            <param index="0">
              <value>
                <![CDATA[[TestResult name=runtest status=SUCCESS method=KshApiServicesExecutionTest.runtest()[pri:0, instance:com.abb.dias.api.automation.test.kshtest.KshApiServicesExecutionTest@5aa9e4eb] output=kSH Api services Execution has started]]]>
              </value>
            </param>
            <param index="1">
              <value>
                <![CDATA[public void com.abb.dias.api.automation.test.kshtest.KshApiServicesExecutionTest.runtest() throws java.lang.InterruptedException]]>
              </value>
            </param>
          </params>
          <reporter-output>
          </reporter-output>
        </test-method> <!-- afterMethod -->
        <test-method is-config="true" signature="aftertest()[pri:0, instance:com.abb.dias.api.automation.test.kshtest.KshApiServicesExecutionTest@5aa9e4eb]" started-at="2020-08-05T05:23:58Z" name="aftertest" finished-at="2020-08-05T05:23:58Z" duration-ms="476" status="PASS">
          <reporter-output>
          </reporter-output>
        </test-method> <!-- aftertest -->
      </class> <!-- com.abb.dias.api.automation.test.kshtest.KshApiServicesExecutionTest -->
    </test> <!-- Test -->
  </suite> <!-- Suite -->
</testng-results>
